0 info it worked if it ends with ok
1 verbose cli [ 'D:\\Program Files\\nodejs\\node.exe',
1 verbose cli   'D:\\Program Files\\nodejs\\node_modules\\npm\\bin\\npm-cli.js',
1 verbose cli   'run',
1 verbose cli   'hot' ]
2 info using npm@3.10.10
3 info using node@v6.9.5
4 verbose run-script [ 'prehot', 'hot', 'posthot' ]
5 info lifecycle hapiapp@1.0.0~prehot: hapiapp@1.0.0
6 silly lifecycle hapiapp@1.0.0~prehot: no script for prehot, continuing
7 info lifecycle hapiapp@1.0.0~hot: hapiapp@1.0.0
8 verbose lifecycle hapiapp@1.0.0~hot: unsafe-perm in lifecycle true
9 verbose lifecycle hapiapp@1.0.0~hot: PATH: D:\Program Files\nodejs\node_modules\npm\bin\node-gyp-bin;E:\project\Eycp\Eycp.SitePC\node_modules\.bin;C:\Program Files (x86)\Common Files\Oracle\Java\javapath;C:\Windows\system32;C:\Windows;C:\Windows\System32\Wbem;C:\Windows\System32\WindowsPowerShell\v1.0\;C:\Program Files\Microsoft SQL Server\110\Tools\Binn\;C:\Program Files\dotnet\;C:\Program Files\Microsoft SQL Server\130\Tools\Binn\;D:\Program Files\TortoiseHg\;D:\Program Files\TortoiseSVN\bin;D:\Program Files\nodejs\;D:\Java\jdk-10.0.1\bin;D:\Java\jdk-10.0.1\jre\bin;C:\Program Files (x86)\dotnet\;C:\Users\admin\AppData\Local\Microsoft\WindowsApps;C:\Users\admin\AppData\Roaming\npm
10 verbose lifecycle hapiapp@1.0.0~hot: CWD: E:\project\Eycp\Eycp.SitePC
11 silly lifecycle hapiapp@1.0.0~hot: Args: [ '/d /s /c',
11 silly lifecycle   'eslint ./client/ && nodemon  -e js,css,html --ignore node_modules/**node_modules --inspect index.js' ]
12 verbose stack Error: kill ENOSYS
12 verbose stack     at exports._errnoException (util.js:1022:11)
12 verbose stack     at process.kill (internal/process.js:172:13)
12 verbose stack     at process.listener (D:\Program Files\nodejs\node_modules\npm\node_modules\npmlog\node_modules\gauge\node_modules\signal-exit\index.js:86:15)
12 verbose stack     at emitNone (events.js:91:20)
12 verbose stack     at process.emit (events.js:185:7)
12 verbose stack     at processEmit (D:\Program Files\nodejs\node_modules\npm\node_modules\npmlog\node_modules\gauge\node_modules\signal-exit\index.js:146:32)
12 verbose stack     at processEmit (D:\Program Files\nodejs\node_modules\npm\node_modules\npm-registry-client\node_modules\npmlog\node_modules\gauge\node_modules\signal-exit\index.js:146:32)
12 verbose stack     at Signal.wrap.onsignal (internal/process.js:199:44)
13 verbose cwd E:\project\Eycp\Eycp.SitePC
14 error Windows_NT 10.0.15063
15 error argv "D:\\Program Files\\nodejs\\node.exe" "D:\\Program Files\\nodejs\\node_modules\\npm\\bin\\npm-cli.js" "run" "hot"
16 error node v6.9.5
17 error npm  v3.10.10
18 error code ENOSYS
19 error errno ENOSYS
20 error syscall kill
21 error kill ENOSYS
22 error If you need help, you may report this error at:
22 error     <https://github.com/npm/npm/issues>
23 verbose exit [ 1, true ]
